Using pre-set license
Built from '2021.3/staging' branch; Version is '2021.3.8f1 (b30333d56e81) revision 11731763'; Using compiler version '192829333'; Build Type 'Release'
OS: 'Windows 10  (10.0.19044) 64bit Professiona' Language: 'ru' Physical Memory: 16335 MB
BatchMode: 1, IsHumanControllingUs: 0, StartBugReporterOnCrash: 0, Is64bit: 1, IsPro: 1

COMMAND LINE ARGUMENTS:
C:\Program Files\Unity 2021.3.8f1\Editor\Unity.exe
-adb2
-batchMode
-noUpm
-name
AssetImportWorker1
-projectPath
C:/Users/Scoow/RunnerPrototype/RunnerPrototype
-logFile
Logs/AssetImportWorker1.log
-srvPort
1266
Successfully changed project path to: C:/Users/Scoow/RunnerPrototype/RunnerPrototype
C:/Users/Scoow/RunnerPrototype/RunnerPrototype
[UnityMemory] Configuration Parameters - Can be set up in boot.config
    "memorysetup-bucket-allocator-granularity=16"
    "memorysetup-bucket-allocator-bucket-count=8"
    "memorysetup-bucket-allocator-block-size=33554432"
    "memorysetup-bucket-allocator-block-count=8"
    "memorysetup-main-allocator-block-size=16777216"
    "memorysetup-thread-allocator-block-size=16777216"
    "memorysetup-gfx-main-allocator-block-size=16777216"
    "memorysetup-gfx-thread-allocator-block-size=16777216"
    "memorysetup-cache-allocator-block-size=4194304"
    "memorysetup-typetree-allocator-block-size=2097152"
    "memorysetup-profiler-bucket-allocator-granularity=16"
    "memorysetup-profiler-bucket-allocator-bucket-count=8"
    "memorysetup-profiler-bucket-allocator-block-size=33554432"
    "memorysetup-profiler-bucket-allocator-block-count=8"
    "memorysetup-profiler-allocator-block-size=16777216"
    "memorysetup-profiler-editor-allocator-block-size=1048576"
    "memorysetup-temp-allocator-size-main=16777216"
    "memorysetup-job-temp-allocator-block-size=2097152"
    "memorysetup-job-temp-allocator-block-size-background=1048576"
    "memorysetup-job-temp-allocator-reduction-small-platforms=262144"
    "memorysetup-temp-allocator-size-background-worker=32768"
    "memorysetup-temp-allocator-size-job-worker=262144"
    "memorysetup-temp-allocator-size-preload-manager=33554432"
    "memorysetup-temp-allocator-size-nav-mesh-worker=65536"
    "memorysetup-temp-allocator-size-audio-worker=65536"
    "memorysetup-temp-allocator-size-cloud-worker=32768"
    "memorysetup-temp-allocator-size-gi-baking-worker=262144"
    "memorysetup-temp-allocator-size-gfx=262144"
Refreshing native plugins compatible for Editor in 81.09 ms, found 3 plugins.
Preloading 0 native plugins for Editor in 0.00 ms.
Initialize engine version: 2021.3.8f1 (b30333d56e81)
[Subsystems] Discovering subsystems at path C:/Program Files/Unity 2021.3.8f1/Editor/Data/Resources/UnitySubsystems
[Subsystems] Discovering subsystems at path C:/Users/Scoow/RunnerPrototype/RunnerPrototype/Assets
GfxDevice: creating device client; threaded=0; jobified=0
Direct3D:
    Version:  Direct3D 11.0 [level 11.1]
    Renderer: AMD Radeon RX 5600 XT (ID=0x731f)
    Vendor:   ATI
    VRAM:     6103 MB
    Driver:   30.0.15021.11005
Initialize mono
Mono path[0] = 'C:/Program Files/Unity 2021.3.8f1/Editor/Data/Managed'
Mono path[1] = 'C:/Program Files/Unity 2021.3.8f1/Editor/Data/MonoBleedingEdge/lib/mono/unityjit-win32'
Mono config path = 'C:/Program Files/Unity 2021.3.8f1/Editor/Data/MonoBleedingEdge/etc'
Using monoOptions --debugger-agent=transport=dt_socket,embedding=1,server=y,suspend=n,address=127.0.0.1:56412
Begin MonoManager ReloadAssembly
Registering precompiled unity dll's ...
Register platform support module: C:/Program Files/Unity 2021.3.8f1/Editor/Data/PlaybackEngines/WebGLSupport/UnityEditor.WebGL.Extensions.dll
Register platform support module: C:/Program Files/Unity 2021.3.8f1/Editor/Data/PlaybackEngines/AndroidPlayer/UnityEditor.Android.Extensions.dll
Register platform support module: C:/Program Files/Unity 2021.3.8f1/Editor/Data/PlaybackEngines/WindowsStandaloneSupport/UnityEditor.WindowsStandalone.Extensions.dll
Register platform support module: C:/Program Files/Unity 2021.3.8f1/Editor/Data/PlaybackEngines/MetroSupport/UnityEditor.UWP.Extensions.dll
Registered in 0.005965 seconds.
Native extension for UWP target not found
Native extension for WindowsStandalone target not found
Native extension for Android target not found
Native extension for WebGL target not found
Refreshing native plugins compatible for Editor in 82.80 ms, found 3 plugins.
Preloading 0 native plugins for Editor in 0.00 ms.
Mono: successfully reloaded assembly
- Completed reload, in  0.626 seconds
Domain Reload Profiling:
	ReloadAssembly (627ms)
		BeginReloadAssembly (66ms)
			ExecutionOrderSort (0ms)
			DisableScriptedObjects (0ms)
			BackupInstance (0ms)
			ReleaseScriptingObjects (0ms)
			CreateAndSetChildDomain (1ms)
		EndReloadAssembly (458ms)
			LoadAssemblies (64ms)
			RebuildTransferFunctionScriptingTraits (0ms)
			SetupTypeCache (114ms)
			ReleaseScriptCaches (0ms)
			RebuildScriptCaches (29ms)
			SetupLoadedEditorAssemblies (264ms)
				LogAssemblyErrors (0ms)
				InitializePlatformSupportModulesInManaged (40ms)
				SetLoadedEditorAssemblies (0ms)
				RefreshPlugins (83ms)
				BeforeProcessingInitializeOnLoad (1ms)
				ProcessInitializeOnLoadAttributes (98ms)
				ProcessInitializeOnLoadMethodAttributes (41ms)
				AfterProcessingInitializeOnLoad (0ms)
				EditorAssembliesLoaded (0ms)
			ExecutionOrderSort2 (0ms)
			AwakeInstancesAfterBackupRestoration (0ms)
Platform modules already initialized, skipping
Registering precompiled user dll's ...
Registered in 0.005223 seconds.
Begin MonoManager ReloadAssembly
Symbol file LoadedFromMemory doesn't match image C:\Users\Scoow\RunnerPrototype\RunnerPrototype\Library\PackageCache\com.unity.visualscripting@1.7.8\Editor\VisualScripting.Core\Dependencies\YamlDotNet\Unity.VisualScripting.YamlDotNet.dll
Symbol file LoadedFromMemory doesn't match image C:\Users\Scoow\RunnerPrototype\RunnerPrototype\Library\PackageCache\com.unity.visualscripting@1.7.8\Editor\VisualScripting.Core\Dependencies\DotNetZip\Unity.VisualScripting.IonicZip.dll
Native extension for UWP target not found
Native extension for WindowsStandalone target not found
Native extension for Android target not found
Native extension for WebGL target not found
Refreshing native plugins compatible for Editor in 0.72 ms, found 3 plugins.
Preloading 0 native plugins for Editor in 0.00 ms.
Mono: successfully reloaded assembly
- Completed reload, in  0.961 seconds
Domain Reload Profiling:
	ReloadAssembly (962ms)
		BeginReloadAssembly (106ms)
			ExecutionOrderSort (0ms)
			DisableScriptedObjects (5ms)
			BackupInstance (0ms)
			ReleaseScriptingObjects (0ms)
			CreateAndSetChildDomain (21ms)
		EndReloadAssembly (749ms)
			LoadAssemblies (73ms)
			RebuildTransferFunctionScriptingTraits (0ms)
			SetupTypeCache (238ms)
			ReleaseScriptCaches (1ms)
			RebuildScriptCaches (50ms)
			SetupLoadedEditorAssemblies (353ms)
				LogAssemblyErrors (0ms)
				InitializePlatformSupportModulesInManaged (16ms)
				SetLoadedEditorAssemblies (0ms)
				RefreshPlugins (1ms)
				BeforeProcessingInitializeOnLoad (91ms)
				ProcessInitializeOnLoadAttributes (213ms)
				ProcessInitializeOnLoadMethodAttributes (26ms)
				AfterProcessingInitializeOnLoad (7ms)
				EditorAssembliesLoaded (0ms)
			ExecutionOrderSort2 (0ms)
			AwakeInstancesAfterBackupRestoration (5ms)
Platform modules already initialized, skipping
========================================================================
Worker process is ready to serve import requests
Launched and connected shader compiler UnityShaderCompiler.exe after 0.05 seconds
Refreshing native plugins compatible for Editor in 0.65 ms, found 3 plugins.
Preloading 0 native plugins for Editor in 0.00 ms.
Unloading 3377 Unused Serialized files (Serialized files now loaded: 0)
Unloading 27 unused Assets / (110.9 KB). Loaded Objects now: 3836.
Memory consumption went from 116.4 MB to 116.3 MB.
Total: 2.942000 ms (FindLiveObjects: 0.281400 ms CreateObjectMapping: 0.108500 ms MarkObjects: 2.451800 ms  DeleteObjects: 0.099400 ms)

AssetImportParameters requested are different than current active one (requested -> active):
  custom:video-decoder-ogg-theora: a1e56fd34408186e4bbccfd4996cb3dc -> 
  custom:container-muxer-webm: aa71ff27fc2769a1b78a27578f13a17b -> 
  custom:container-demuxer-webm: 4f35f7cbe854078d1ac9338744f61a02 -> 
  custom:video-encoder-webm-vp8: eb34c28f22e8b96e1ab97ce403110664 -> 
  custom:audio-encoder-webm-vorbis: bf7c407c2cedff20999df2af8eb42d56 -> 
  custom:framework-win-MediaFoundation: 216162199b28c13a410421893ffa2e32 -> 
  custom:container-demuxer-ogg: 62fdf1f143b41e24485cea50d1cbac27 -> 
  custom:video-decoder-webm-vp8: 9c59270c3fd7afecdb556c50c9e8de78 -> 
  custom:audio-decoder-ogg-vorbis: bf7c407c2cedff20999df2af8eb42d56 -> 
========================================================================
Received Import Request.
  Time since last request: 249933.129327 seconds.
  path: Assets/Prefabs/Объекты сцены/Огонь.prefab
  artifactKey: Guid(de19f763bc9a5e0429a5e95845512e42) Importer(815301076,1909f56bfc062723c751e8b465ee728b)
Start importing Assets/Prefabs/Объекты сцены/Огонь.prefab using Guid(de19f763bc9a5e0429a5e95845512e42) Importer(815301076,1909f56bfc062723c751e8b465ee728b)  -> (artifact id: '6675b78381cc795116bfc1795809b2d7') in 0.302188 seconds 
========================================================================
Received Import Request.
  Time since last request: 10.689561 seconds.
  path: Assets/Prefabs/Локации/Локация 2 Variant.prefab
  artifactKey: Guid(adeed68d12e2d4846b5c524c3e38b37c) Importer(815301076,1909f56bfc062723c751e8b465ee728b)
Start importing Assets/Prefabs/Локации/Локация 2 Variant.prefab using Guid(adeed68d12e2d4846b5c524c3e38b37c) Importer(815301076,1909f56bfc062723c751e8b465ee728b)  -> (artifact id: 'cc256c0a666f870e28b3b061f25b4041') in 0.195629 seconds 
========================================================================
Received Import Request.
  Time since last request: 0.000022 seconds.
  path: Assets/Prefabs/Локации/Локация 17 Variant.prefab
  artifactKey: Guid(1ac668d58e6c1bc4ca34c8a18b236110) Importer(815301076,1909f56bfc062723c751e8b465ee728b)
Start importing Assets/Prefabs/Локации/Локация 17 Variant.prefab using Guid(1ac668d58e6c1bc4ca34c8a18b236110) Importer(815301076,1909f56bfc062723c751e8b465ee728b)  -> (artifact id: '02110186d09539ac157de66c9a5e76bd') in 0.010246 seconds 
========================================================================
Received Import Request.
  Time since last request: 0.000029 seconds.
  path: Assets/Prefabs/Локации/Локация 24 Variant.prefab
  artifactKey: Guid(2a30f7dbc7596f94baa5e59c5490ee03) Importer(815301076,1909f56bfc062723c751e8b465ee728b)
Start importing Assets/Prefabs/Локации/Локация 24 Variant.prefab using Guid(2a30f7dbc7596f94baa5e59c5490ee03) Importer(815301076,1909f56bfc062723c751e8b465ee728b)  -> (artifact id: 'dc742d94e9ebee86cfa6050f5f833f84') in 0.011103 seconds 
========================================================================
Received Import Request.
  Time since last request: 0.000019 seconds.
  path: Assets/Prefabs/Локации/Локация 21 Variant.prefab
  artifactKey: Guid(1d65b84c19b28de478ccabbe8ef7c592) Importer(815301076,1909f56bfc062723c751e8b465ee728b)
Start importing Assets/Prefabs/Локации/Локация 21 Variant.prefab using Guid(1d65b84c19b28de478ccabbe8ef7c592) Importer(815301076,1909f56bfc062723c751e8b465ee728b)  -> (artifact id: '2a26ee18a8bef0509c63a97b9a2859d2') in 0.009855 seconds 
========================================================================
Received Import Request.
  Time since last request: 0.000019 seconds.
  path: Assets/Prefabs/Локации/Локация 14 Variant.prefab
  artifactKey: Guid(030fa1f7303d05344bee95901de16f2e) Importer(815301076,1909f56bfc062723c751e8b465ee728b)
Start importing Assets/Prefabs/Локации/Локация 14 Variant.prefab using Guid(030fa1f7303d05344bee95901de16f2e) Importer(815301076,1909f56bfc062723c751e8b465ee728b)  -> (artifact id: '52ba041717ddc152a299d12e2db481da') in 0.009373 seconds 
========================================================================
Received Import Request.
  Time since last request: 0.000019 seconds.
  path: Assets/Prefabs/Локации/Локация 28 Variant.prefab
  artifactKey: Guid(00af3821948769c4290cad5d31a68ff2) Importer(815301076,1909f56bfc062723c751e8b465ee728b)
Start importing Assets/Prefabs/Локации/Локация 28 Variant.prefab using Guid(00af3821948769c4290cad5d31a68ff2) Importer(815301076,1909f56bfc062723c751e8b465ee728b)  -> (artifact id: '199597b2d30b21458daf196d0e17899c') in 0.011447 seconds 
========================================================================
Received Import Request.
  Time since last request: 0.000018 seconds.
  path: Assets/Prefabs/Локации/Локация 15 Variant.prefab
  artifactKey: Guid(13b8d825c36fa3d47a1175f5a9827aab) Importer(815301076,1909f56bfc062723c751e8b465ee728b)
Start importing Assets/Prefabs/Локации/Локация 15 Variant.prefab using Guid(13b8d825c36fa3d47a1175f5a9827aab) Importer(815301076,1909f56bfc062723c751e8b465ee728b)  -> (artifact id: 'b92c13b28c0b6b084033a456146f341c') in 0.009673 seconds 
========================================================================
Received Import Request.
  Time since last request: 0.000018 seconds.
  path: Assets/Prefabs/Локации/Локация 23 Variant.prefab
  artifactKey: Guid(1cfdbd5e4136f14498881ecd92d43ba0) Importer(815301076,1909f56bfc062723c751e8b465ee728b)
Start importing Assets/Prefabs/Локации/Локация 23 Variant.prefab using Guid(1cfdbd5e4136f14498881ecd92d43ba0) Importer(815301076,1909f56bfc062723c751e8b465ee728b)  -> (artifact id: '32e5bf65505923f0dca4c6ecf7b0af76') in 0.010070 seconds 
========================================================================
Received Import Request.
  Time since last request: 0.000018 seconds.
  path: Assets/Prefabs/Локации/Локация 29 Variant.prefab
  artifactKey: Guid(6aaec6b0784bff348a68abbb2dcf6b89) Importer(815301076,1909f56bfc062723c751e8b465ee728b)
Start importing Assets/Prefabs/Локации/Локация 29 Variant.prefab using Guid(6aaec6b0784bff348a68abbb2dcf6b89) Importer(815301076,1909f56bfc062723c751e8b465ee728b)  -> (artifact id: '24ad05a1a02567976ef2cb2c70c3c769') in 0.009990 seconds 
========================================================================
Received Import Request.
  Time since last request: 0.000022 seconds.
  path: Assets/Prefabs/Локации/Локация 3 Variant.prefab
  artifactKey: Guid(672883addd225ef4cbf10de0001c22ce) Importer(815301076,1909f56bfc062723c751e8b465ee728b)
Start importing Assets/Prefabs/Локации/Локация 3 Variant.prefab using Guid(672883addd225ef4cbf10de0001c22ce) Importer(815301076,1909f56bfc062723c751e8b465ee728b)  -> (artifact id: 'cc80b9d82cfcdadb78c8a20142e5fab9') in 0.012980 seconds 
========================================================================
Received Import Request.
  Time since last request: 0.000018 seconds.
  path: Assets/Prefabs/Локации/Локация 11 Variant.prefab
  artifactKey: Guid(049925d30d1bbd343870ccc4fae7cc3a) Importer(815301076,1909f56bfc062723c751e8b465ee728b)
Start importing Assets/Prefabs/Локации/Локация 11 Variant.prefab using Guid(049925d30d1bbd343870ccc4fae7cc3a) Importer(815301076,1909f56bfc062723c751e8b465ee728b)  -> (artifact id: '209f2e25d9ea97e67b3bc14609fc47f4') in 0.009238 seconds 
========================================================================
Received Import Request.
  Time since last request: 0.000017 seconds.
  path: Assets/Prefabs/Локации/Локация 8 Variant.prefab
  artifactKey: Guid(0fd097909b3509e439d43c5df35fec72) Importer(815301076,1909f56bfc062723c751e8b465ee728b)
Start importing Assets/Prefabs/Локации/Локация 8 Variant.prefab using Guid(0fd097909b3509e439d43c5df35fec72) Importer(815301076,1909f56bfc062723c751e8b465ee728b)  -> (artifact id: '45e85fee7e7faf084bd226ffac06e642') in 0.010046 seconds 
========================================================================
Received Import Request.
  Time since last request: 0.000018 seconds.
  path: Assets/Prefabs/Локации/Локация 10 Variant.prefab
  artifactKey: Guid(83d8a84cc2d1bd443b335d87215eba25) Importer(815301076,1909f56bfc062723c751e8b465ee728b)
Start importing Assets/Prefabs/Локации/Локация 10 Variant.prefab using Guid(83d8a84cc2d1bd443b335d87215eba25) Importer(815301076,1909f56bfc062723c751e8b465ee728b)  -> (artifact id: '78e08d29a4bb218e630a5abe86c29d63') in 0.010199 seconds 
========================================================================
Received Import Request.
  Time since last request: 0.000018 seconds.
  path: Assets/Prefabs/Локации/Локация 35 Variant.prefab
  artifactKey: Guid(55e33e903f4f1dc4e810ce961c7d1a1e) Importer(815301076,1909f56bfc062723c751e8b465ee728b)
Start importing Assets/Prefabs/Локации/Локация 35 Variant.prefab using Guid(55e33e903f4f1dc4e810ce961c7d1a1e) Importer(815301076,1909f56bfc062723c751e8b465ee728b)  -> (artifact id: '38982c75f61724787806e02dccdf69b3') in 0.011458 seconds 
